\BOOKMARK [0][-]{chapter.1}{Motivation}{}% 1
\BOOKMARK [0][-]{chapter.2}{Related\040works}{}% 2
\BOOKMARK [0][-]{chapter.3}{Method}{}% 3
\BOOKMARK [1][-]{section.3.1}{Algorithm}{chapter.3}% 4
\BOOKMARK [1][-]{section.3.2}{Models\040for\040bees}{chapter.3}% 5
\BOOKMARK [2][-]{subsection.3.2.1}{Three-part\040model}{section.3.2}% 6
\BOOKMARK [2][-]{subsection.3.2.2}{Seven-part\040model}{section.3.2}% 7
\BOOKMARK [1][-]{section.3.3}{Evaluation}{chapter.3}% 8
\BOOKMARK [2][-]{subsection.3.3.1}{Probability\040of\040Correct\040Keypoint}{section.3.3}% 9
\BOOKMARK [2][-]{subsection.3.3.2}{Average\040Precision\040of\040Keypoints}{section.3.3}% 10
\BOOKMARK [0][-]{chapter.4}{Results}{}% 11
\BOOKMARK [1][-]{section.4.1}{HOG\040cell\040size}{chapter.4}% 12
\BOOKMARK [0][-]{chapter.5}{Future\040direction}{}% 13
\BOOKMARK [0][-]{chapter.6}{References}{}% 14
\BOOKMARK [0][-]{appendix.A}{The\040BEES\040Dataset}{}% 15
\BOOKMARK [0][-]{appendix.B}{Labelling\040tool}{}% 16
\BOOKMARK [0][-]{appendix.C}{Python\040scripts}{}% 17
\BOOKMARK [1][-]{section.C.1}{Visualisation\040tool}{appendix.C}% 18
\BOOKMARK [1][-]{section.C.2}{Shuffling\040tool}{appendix.C}% 19
\BOOKMARK [1][-]{section.C.3}{Conversion\040to\040.mat\040tool}{appendix.C}% 20
\BOOKMARK [1][-]{section.C.4}{Results\040reader}{appendix.C}% 21
