This is XeTeX, Version 3.14159265-2.6-0.99991 (TeX Live 2014) (preloaded format=xelatex 2015.7.23)  30 OCT 2015 09:04
entering extended mode
 \write18 enabled.
 %&-line parsing enabled.
**/Users/jakubnabaglo/beesee/report/report.tex
(/Users/jakubnabaglo/beesee/report/report.tex
LaTeX2e <2014/05/01>
Babel <3.9k> and hyphenation patterns for 78 languages loaded.
(/usr/local/texlive/2014/texmf-dist/tex/latex/base/report.cls
Document Class: report 2007/10/19 v1.4h Standard LaTeX document class
(/usr/local/texlive/2014/texmf-dist/tex/latex/base/size11.clo
File: size11.clo 2007/10/19 v1.4h Standard LaTeX file (size option)
)
\c@part=\count80
\c@chapter=\count81
\c@section=\count82
\c@subsection=\count83
\c@subsubsection=\count84
\c@paragraph=\count85
\c@subparagraph=\count86
\c@figure=\count87
\c@table=\count88
\abovecaptionskip=\skip41
\belowcaptionskip=\skip42
\bibindent=\dimen102
)
(/usr/local/texlive/2014/texmf-dist/tex/latex/geometry/geometry.sty
Package: geometry 2010/09/12 v5.6 Page Geometry

(/usr/local/texlive/2014/texmf-dist/tex/latex/graphics/keyval.sty
Package: keyval 2014/05/08 v1.15 key=value parser (DPC)
\KV@toks@=\toks14
)
(/usr/local/texlive/2014/texmf-dist/tex/generic/oberdiek/ifpdf.sty
Package: ifpdf 2011/01/30 v2.3 Provides the ifpdf switch (HO)
Package ifpdf Info: pdfTeX in PDF mode is not detected.
)
(/usr/local/texlive/2014/texmf-dist/tex/generic/oberdiek/ifvtex.sty
Package: ifvtex 2010/03/01 v1.5 Detect VTeX and its facilities (HO)
Package ifvtex Info: VTeX not detected.
)
(/usr/local/texlive/2014/texmf-dist/tex/generic/ifxetex/ifxetex.sty
Package: ifxetex 2010/09/12 v0.6 Provides ifxetex conditional
)
\Gm@cnth=\count89
\Gm@cntv=\count90
\c@Gm@tempcnt=\count91
\Gm@bindingoffset=\dimen103
\Gm@wd@mp=\dimen104
\Gm@odd@mp=\dimen105
\Gm@even@mp=\dimen106
\Gm@layoutwidth=\dimen107
\Gm@layoutheight=\dimen108
\Gm@layouthoffset=\dimen109
\Gm@layoutvoffset=\dimen110
\Gm@dimlist=\toks15
)
(/usr/local/texlive/2014/texmf-dist/tex/latex/amsmath/amsmath.sty
Package: amsmath 2013/01/14 v2.14 AMS math features
\@mathmargin=\skip43

For additional information on amsmath, use the `?' option.
(/usr/local/texlive/2014/texmf-dist/tex/latex/amsmath/amstext.sty
Package: amstext 2000/06/29 v2.01

(/usr/local/texlive/2014/texmf-dist/tex/latex/amsmath/amsgen.sty
File: amsgen.sty 1999/11/30 v2.0
\@emptytoks=\toks16
\ex@=\dimen111
))
(/usr/local/texlive/2014/texmf-dist/tex/latex/amsmath/amsbsy.sty
Package: amsbsy 1999/11/29 v1.2d
\pmbraise@=\dimen112
)
(/usr/local/texlive/2014/texmf-dist/tex/latex/amsmath/amsopn.sty
Package: amsopn 1999/12/14 v2.01 operator names
)
\inf@bad=\count92
LaTeX Info: Redefining \frac on input line 210.
\uproot@=\count93
\leftroot@=\count94
LaTeX Info: Redefining \overline on input line 306.
\classnum@=\count95
\DOTSCASE@=\count96
LaTeX Info: Redefining \ldots on input line 378.
LaTeX Info: Redefining \dots on input line 381.
LaTeX Info: Redefining \cdots on input line 466.
\Mathstrutbox@=\box26
\strutbox@=\box27
\big@size=\dimen113
LaTeX Font Info:    Redeclaring font encoding OML on input line 566.
LaTeX Font Info:    Redeclaring font encoding OMS on input line 567.
\macc@depth=\count97
\c@MaxMatrixCols=\count98
\dotsspace@=\muskip10
\c@parentequation=\count99
\dspbrk@lvl=\count100
\tag@help=\toks17
\row@=\count101
\column@=\count102
\maxfields@=\count103
\andhelp@=\toks18
\eqnshift@=\dimen114
\alignsep@=\dimen115
\tagshift@=\dimen116
\tagwidth@=\dimen117
\totwidth@=\dimen118
\lineht@=\dimen119
\@envbody=\toks19
\multlinegap=\skip44
\multlinetaggap=\skip45
\mathdisplay@stack=\toks20
LaTeX Info: Redefining \[ on input line 2665.
LaTeX Info: Redefining \] on input line 2666.
)
(/usr/local/texlive/2014/texmf-dist/tex/latex/enumitem/enumitem.sty
Package: enumitem 2011/09/28 v3.5.2 Customized lists
\labelindent=\skip46
\enit@outerparindent=\dimen120
\enit@toks=\toks21
\enit@inbox=\box28
\enitdp@description=\count104
)
(/usr/local/texlive/2014/texmf-dist/tex/latex/amsfonts/amssymb.sty
Package: amssymb 2013/01/14 v3.01 AMS font symbols

(/usr/local/texlive/2014/texmf-dist/tex/latex/amsfonts/amsfonts.sty
Package: amsfonts 2013/01/14 v3.01 Basic AMSFonts support
\symAMSa=\mathgroup4
\symAMSb=\mathgroup5
LaTeX Font Info:    Overwriting math alphabet `\mathfrak' in version `bold'
(Font)                  U/euf/m/n --> U/euf/b/n on input line 106.
))
(/usr/local/texlive/2014/texmf-dist/tex/latex/hyperref/hyperref.sty
Package: hyperref 2012/11/06 v6.83m Hypertext links for LaTeX

(/usr/local/texlive/2014/texmf-dist/tex/generic/oberdiek/hobsub-hyperref.sty
Package: hobsub-hyperref 2012/05/28 v1.13 Bundle oberdiek, subset hyperref (HO)


(/usr/local/texlive/2014/texmf-dist/tex/generic/oberdiek/hobsub-generic.sty
Package: hobsub-generic 2012/05/28 v1.13 Bundle oberdiek, subset generic (HO)
Package: hobsub 2012/05/28 v1.13 Construct package bundles (HO)
Package: infwarerr 2010/04/08 v1.3 Providing info/warning/error messages (HO)
Package: ltxcmds 2011/11/09 v1.22 LaTeX kernel commands for general use (HO)
Package: ifluatex 2010/03/01 v1.3 Provides the ifluatex switch (HO)
Package ifluatex Info: LuaTeX not detected.
Package hobsub Info: Skipping package `ifvtex' (already loaded).
Package: intcalc 2007/09/27 v1.1 Expandable calculations with integers (HO)
Package hobsub Info: Skipping package `ifpdf' (already loaded).
Package: etexcmds 2011/02/16 v1.5 Avoid name clashes with e-TeX commands (HO)
Package etexcmds Info: Could not find \expanded.
(etexcmds)             That can mean that you are not using pdfTeX 1.50 or
(etexcmds)             that some package has redefined \expanded.
(etexcmds)             In the latter case, load this package earlier.
Package: kvsetkeys 2012/04/25 v1.16 Key value parser (HO)
Package: kvdefinekeys 2011/04/07 v1.3 Define keys (HO)
Package: pdftexcmds 2011/11/29 v0.20 Utility functions of pdfTeX for LuaTeX (HO
)
Package pdftexcmds Info: LuaTeX not detected.
Package pdftexcmds Info: pdfTeX >= 1.30 not detected.
Package pdftexcmds Info: \pdf@primitive is available.
Package pdftexcmds Info: \pdf@ifprimitive is available.
Package pdftexcmds Info: \pdfdraftmode not found.
Package: pdfescape 2011/11/25 v1.13 Implements pdfTeX's escape features (HO)
Package: bigintcalc 2012/04/08 v1.3 Expandable calculations on big integers (HO
)
Package: bitset 2011/01/30 v1.1 Handle bit-vector datatype (HO)
Package: uniquecounter 2011/01/30 v1.2 Provide unlimited unique counter (HO)
)
Package hobsub Info: Skipping package `hobsub' (already loaded).
Package: letltxmacro 2010/09/02 v1.4 Let assignment for LaTeX macros (HO)
Package: hopatch 2012/05/28 v1.2 Wrapper for package hooks (HO)
Package: xcolor-patch 2011/01/30 xcolor patch
Package: atveryend 2011/06/30 v1.8 Hooks at the very end of document (HO)
Package atveryend Info: \enddocument detected (standard20110627).
Package: atbegshi 2011/10/05 v1.16 At begin shipout hook (HO)
Package: refcount 2011/10/16 v3.4 Data extraction from label references (HO)
Package: hycolor 2011/01/30 v1.7 Color options for hyperref/bookmark (HO)
)
(/usr/local/texlive/2014/texmf-dist/tex/latex/oberdiek/auxhook.sty
Package: auxhook 2011/03/04 v1.3 Hooks for auxiliary files (HO)
)
(/usr/local/texlive/2014/texmf-dist/tex/latex/oberdiek/kvoptions.sty
Package: kvoptions 2011/06/30 v3.11 Key value format for package options (HO)
)
\@linkdim=\dimen121
\Hy@linkcounter=\count105
\Hy@pagecounter=\count106

(/usr/local/texlive/2014/texmf-dist/tex/latex/hyperref/pd1enc.def
File: pd1enc.def 2012/11/06 v6.83m Hyperref: PDFDocEncoding definition (HO)
)
\Hy@SavedSpaceFactor=\count107

(/usr/local/texlive/2014/texmf-dist/tex/latex/latexconfig/hyperref.cfg
File: hyperref.cfg 2002/06/06 v1.2 hyperref configuration of TeXLive
)
Package hyperref Info: Hyper figures OFF on input line 4443.
Package hyperref Info: Link nesting OFF on input line 4448.
Package hyperref Info: Hyper index ON on input line 4451.
Package hyperref Info: Plain pages OFF on input line 4458.
Package hyperref Info: Backreferencing OFF on input line 4463.
Package hyperref Info: Implicit mode ON; LaTeX internals redefined.
Package hyperref Info: Bookmarks ON on input line 4688.
\c@Hy@tempcnt=\count108

(/usr/local/texlive/2014/texmf-dist/tex/latex/url/url.sty
\Urlmuskip=\muskip11
Package: url 2013/09/16  ver 3.4  Verb mode for urls, etc.
)
LaTeX Info: Redefining \url on input line 5041.
\XeTeXLinkMargin=\dimen122
\Fld@menulength=\count109
\Field@Width=\dimen123
\Fld@charsize=\dimen124
Package hyperref Info: Hyper figures OFF on input line 6295.
Package hyperref Info: Link nesting OFF on input line 6300.
Package hyperref Info: Hyper index ON on input line 6303.
Package hyperref Info: backreferencing OFF on input line 6310.
Package hyperref Info: Link coloring OFF on input line 6315.
Package hyperref Info: Link coloring with OCG OFF on input line 6320.
Package hyperref Info: PDF/A mode OFF on input line 6325.
LaTeX Info: Redefining \ref on input line 6365.
LaTeX Info: Redefining \pageref on input line 6369.
\Hy@abspage=\count110
\c@Item=\count111
\c@Hfootnote=\count112
)

Package hyperref Message: Driver (autodetected): hxetex.

(/usr/local/texlive/2014/texmf-dist/tex/latex/hyperref/hxetex.def
File: hxetex.def 2012/11/06 v6.83m Hyperref driver for XeTeX

(/usr/local/texlive/2014/texmf-dist/tex/latex/hyperref/puenc.def
File: puenc.def 2012/11/06 v6.83m Hyperref: PDF Unicode definition (HO)
)
(/usr/local/texlive/2014/texmf-dist/tex/generic/oberdiek/stringenc.sty
Package: stringenc 2011/12/02 v1.10 Convert strings between diff. encodings (HO
)
)
\pdfm@box=\box29
\c@Hy@AnnotLevel=\count113
\HyField@AnnotCount=\count114
\Fld@listcount=\count115
\c@bookmark@seq@number=\count116

(/usr/local/texlive/2014/texmf-dist/tex/latex/oberdiek/rerunfilecheck.sty
Package: rerunfilecheck 2011/04/15 v1.7 Rerun checks for auxiliary files (HO)
Package rerunfilecheck Info: Feature \pdfmdfivesum is not available
(rerunfilecheck)             (e.g. pdfTeX or LuaTeX with package `pdftexcmds').

(rerunfilecheck)             Therefore file contents cannot be checked efficien
tly
(rerunfilecheck)             and the loading of the package is aborted.
)
\Hy@SectionHShift=\skip47
)
(/usr/local/texlive/2014/texmf-dist/tex/latex/pgfplots/pgfplots.sty
(/usr/local/texlive/2014/texmf-dist/tex/generic/pgfplots/pgfplots.revision.tex)
Package: pgfplots 2014/02/28 v1.10 Data Visualization (1.10-2-gb39fe75)
(/usr/local/texlive/2014/texmf-dist/tex/latex/pgf/frontendlayer/tikz.sty
(/usr/local/texlive/2014/texmf-dist/tex/latex/pgf/basiclayer/pgf.sty
(/usr/local/texlive/2014/texmf-dist/tex/latex/pgf/utilities/pgfrcs.sty
(/usr/local/texlive/2014/texmf-dist/tex/generic/pgf/utilities/pgfutil-common.te
x
\pgfutil@everybye=\toks22
\pgfutil@tempdima=\dimen125
\pgfutil@tempdimb=\dimen126

(/usr/local/texlive/2014/texmf-dist/tex/generic/pgf/utilities/pgfutil-common-li
sts.tex))
(/usr/local/texlive/2014/texmf-dist/tex/generic/pgf/utilities/pgfutil-latex.def
\pgfutil@abb=\box30
(/usr/local/texlive/2014/texmf-dist/tex/latex/ms/everyshi.sty
Package: everyshi 2001/05/15 v3.00 EveryShipout Package (MS)
))
(/usr/local/texlive/2014/texmf-dist/tex/generic/pgf/utilities/pgfrcs.code.tex
Package: pgfrcs 2013/12/20 v3.0.0 (rcs-revision 1.28)
))
Package: pgf 2013/12/18 v3.0.0 (rcs-revision 1.14)
(/usr/local/texlive/2014/texmf-dist/tex/latex/pgf/basiclayer/pgfcore.sty
(/usr/local/texlive/2014/texmf-dist/tex/latex/graphics/graphicx.sty
Package: graphicx 2014/04/25 v1.0g Enhanced LaTeX Graphics (DPC,SPQR)

(/usr/local/texlive/2014/texmf-dist/tex/latex/graphics/graphics.sty
Package: graphics 2009/02/05 v1.0o Standard LaTeX Graphics (DPC,SPQR)

(/usr/local/texlive/2014/texmf-dist/tex/latex/graphics/trig.sty
Package: trig 1999/03/16 v1.09 sin cos tan (DPC)
)
(/usr/local/texlive/2014/texmf-dist/tex/latex/latexconfig/graphics.cfg
File: graphics.cfg 2010/04/23 v1.9 graphics configuration of TeX Live
)
Package graphics Info: Driver file: xetex.def on input line 91.

(/usr/local/texlive/2014/texmf-dist/tex/xelatex/xetex-def/xetex.def
File: xetex.def 2014/04/28 v4.01 LaTeX color/graphics driver for XeTeX (RRM/JK)

))
\Gin@req@height=\dimen127
\Gin@req@width=\dimen128
)
(/usr/local/texlive/2014/texmf-dist/tex/latex/pgf/systemlayer/pgfsys.sty
(/usr/local/texlive/2014/texmf-dist/tex/generic/pgf/systemlayer/pgfsys.code.tex
Package: pgfsys 2013/11/30 v3.0.0 (rcs-revision 1.47)
(/usr/local/texlive/2014/texmf-dist/tex/generic/pgf/utilities/pgfkeys.code.tex
\pgfkeys@pathtoks=\toks23
\pgfkeys@temptoks=\toks24

(/usr/local/texlive/2014/texmf-dist/tex/generic/pgf/utilities/pgfkeysfiltered.c
ode.tex
\pgfkeys@tmptoks=\toks25
))
\pgf@x=\dimen129
\pgf@y=\dimen130
\pgf@xa=\dimen131
\pgf@ya=\dimen132
\pgf@xb=\dimen133
\pgf@yb=\dimen134
\pgf@xc=\dimen135
\pgf@yc=\dimen136
\w@pgf@writea=\write3
\r@pgf@reada=\read1
\c@pgf@counta=\count117
\c@pgf@countb=\count118
\c@pgf@countc=\count119
\c@pgf@countd=\count120
\t@pgf@toka=\toks26
\t@pgf@tokb=\toks27
\t@pgf@tokc=\toks28

(/usr/local/texlive/2014/texmf-dist/tex/generic/pgf/systemlayer/pgf.cfg
File: pgf.cfg 2008/05/14  (rcs-revision 1.7)
)
Driver file for pgf: pgfsys-xetex.def

(/usr/local/texlive/2014/texmf-dist/tex/generic/pgf/systemlayer/pgfsys-xetex.de
f
File: pgfsys-xetex.def 2013/07/16  (rcs-revision 1.9)

(/usr/local/texlive/2014/texmf-dist/tex/generic/pgf/systemlayer/pgfsys-dvipdfmx
.def
File: pgfsys-dvipdfmx.def 2013/08/28  (rcs-revision 1.12)

(/usr/local/texlive/2014/texmf-dist/tex/generic/pgf/systemlayer/pgfsys-common-p
df.def
File: pgfsys-common-pdf.def 2013/10/10  (rcs-revision 1.13)
)
\pgfsys@objnum=\count121
)))
(/usr/local/texlive/2014/texmf-dist/tex/generic/pgf/systemlayer/pgfsyssoftpath.
code.tex
File: pgfsyssoftpath.code.tex 2013/09/09  (rcs-revision 1.9)
\pgfsyssoftpath@smallbuffer@items=\count122
\pgfsyssoftpath@bigbuffer@items=\count123
)
(/usr/local/texlive/2014/texmf-dist/tex/generic/pgf/systemlayer/pgfsysprotocol.
code.tex
File: pgfsysprotocol.code.tex 2006/10/16  (rcs-revision 1.4)
)) (/usr/local/texlive/2014/texmf-dist/tex/latex/xcolor/xcolor.sty
Package: xcolor 2007/01/21 v2.11 LaTeX color extensions (UK)

(/usr/local/texlive/2014/texmf-dist/tex/latex/latexconfig/color.cfg
File: color.cfg 2007/01/18 v1.5 color configuration of teTeX/TeXLive
)
Package xcolor Info: Driver file: xetex.def on input line 225.
Package xcolor Info: Model `cmy' substituted by `cmy0' on input line 1337.
Package xcolor Info: Model `RGB' extended on input line 1353.
Package xcolor Info: Model `HTML' substituted by `rgb' on input line 1355.
Package xcolor Info: Model `Hsb' substituted by `hsb' on input line 1356.
Package xcolor Info: Model `tHsb' substituted by `hsb' on input line 1357.
Package xcolor Info: Model `HSB' substituted by `hsb' on input line 1358.
Package xcolor Info: Model `Gray' substituted by `gray' on input line 1359.
Package xcolor Info: Model `wave' substituted by `hsb' on input line 1360.
)
(/usr/local/texlive/2014/texmf-dist/tex/generic/pgf/basiclayer/pgfcore.code.tex
Package: pgfcore 2010/04/11 v3.0.0 (rcs-revision 1.7)
(/usr/local/texlive/2014/texmf-dist/tex/generic/pgf/math/pgfmath.code.tex
(/usr/local/texlive/2014/texmf-dist/tex/generic/pgf/math/pgfmathcalc.code.tex
(/usr/local/texlive/2014/texmf-dist/tex/generic/pgf/math/pgfmathutil.code.tex)
(/usr/local/texlive/2014/texmf-dist/tex/generic/pgf/math/pgfmathparser.code.tex
\pgfmath@dimen=\dimen137
\pgfmath@count=\count124
\pgfmath@box=\box31
\pgfmath@toks=\toks29
\pgfmath@stack@operand=\toks30
\pgfmath@stack@operation=\toks31
)
(/usr/local/texlive/2014/texmf-dist/tex/generic/pgf/math/pgfmathfunctions.code.
tex
(/usr/local/texlive/2014/texmf-dist/tex/generic/pgf/math/pgfmathfunctions.basic
.code.tex)
(/usr/local/texlive/2014/texmf-dist/tex/generic/pgf/math/pgfmathfunctions.trigo
nometric.code.tex)
(/usr/local/texlive/2014/texmf-dist/tex/generic/pgf/math/pgfmathfunctions.rando
m.code.tex)
(/usr/local/texlive/2014/texmf-dist/tex/generic/pgf/math/pgfmathfunctions.compa
rison.code.tex)
(/usr/local/texlive/2014/texmf-dist/tex/generic/pgf/math/pgfmathfunctions.base.
code.tex)
(/usr/local/texlive/2014/texmf-dist/tex/generic/pgf/math/pgfmathfunctions.round
.code.tex)
(/usr/local/texlive/2014/texmf-dist/tex/generic/pgf/math/pgfmathfunctions.misc.
code.tex)
(/usr/local/texlive/2014/texmf-dist/tex/generic/pgf/math/pgfmathfunctions.integ
erarithmetics.code.tex)))
(/usr/local/texlive/2014/texmf-dist/tex/generic/pgf/math/pgfmathfloat.code.tex
\c@pgfmathroundto@lastzeros=\count125
))
(/usr/local/texlive/2014/texmf-dist/tex/generic/pgf/basiclayer/pgfcorepoints.co
de.tex
File: pgfcorepoints.code.tex 2013/10/07  (rcs-revision 1.27)
\pgf@picminx=\dimen138
\pgf@picmaxx=\dimen139
\pgf@picminy=\dimen140
\pgf@picmaxy=\dimen141
\pgf@pathminx=\dimen142
\pgf@pathmaxx=\dimen143
\pgf@pathminy=\dimen144
\pgf@pathmaxy=\dimen145
\pgf@xx=\dimen146
\pgf@xy=\dimen147
\pgf@yx=\dimen148
\pgf@yy=\dimen149
\pgf@zx=\dimen150
\pgf@zy=\dimen151
)
(/usr/local/texlive/2014/texmf-dist/tex/generic/pgf/basiclayer/pgfcorepathconst
ruct.code.tex
File: pgfcorepathconstruct.code.tex 2013/10/07  (rcs-revision 1.29)
\pgf@path@lastx=\dimen152
\pgf@path@lasty=\dimen153
)
(/usr/local/texlive/2014/texmf-dist/tex/generic/pgf/basiclayer/pgfcorepathusage
.code.tex
File: pgfcorepathusage.code.tex 2013/12/13  (rcs-revision 1.23)
\pgf@shorten@end@additional=\dimen154
\pgf@shorten@start@additional=\dimen155
)
(/usr/local/texlive/2014/texmf-dist/tex/generic/pgf/basiclayer/pgfcorescopes.co
de.tex
File: pgfcorescopes.code.tex 2013/10/09  (rcs-revision 1.44)
\pgfpic=\box32
\pgf@hbox=\box33
\pgf@layerbox@main=\box34
\pgf@picture@serial@count=\count126
)
(/usr/local/texlive/2014/texmf-dist/tex/generic/pgf/basiclayer/pgfcoregraphicst
ate.code.tex
File: pgfcoregraphicstate.code.tex 2013/09/19  (rcs-revision 1.11)
\pgflinewidth=\dimen156
)
(/usr/local/texlive/2014/texmf-dist/tex/generic/pgf/basiclayer/pgfcoretransform
ations.code.tex
File: pgfcoretransformations.code.tex 2013/10/10  (rcs-revision 1.17)
\pgf@pt@x=\dimen157
\pgf@pt@y=\dimen158
\pgf@pt@temp=\dimen159
)
(/usr/local/texlive/2014/texmf-dist/tex/generic/pgf/basiclayer/pgfcorequick.cod
e.tex
File: pgfcorequick.code.tex 2008/10/09  (rcs-revision 1.3)
)
(/usr/local/texlive/2014/texmf-dist/tex/generic/pgf/basiclayer/pgfcoreobjects.c
ode.tex
File: pgfcoreobjects.code.tex 2006/10/11  (rcs-revision 1.2)
)
(/usr/local/texlive/2014/texmf-dist/tex/generic/pgf/basiclayer/pgfcorepathproce
ssing.code.tex
File: pgfcorepathprocessing.code.tex 2013/09/09  (rcs-revision 1.9)
)
(/usr/local/texlive/2014/texmf-dist/tex/generic/pgf/basiclayer/pgfcorearrows.co
de.tex
File: pgfcorearrows.code.tex 2013/11/07  (rcs-revision 1.40)
\pgfarrowsep=\dimen160
)
(/usr/local/texlive/2014/texmf-dist/tex/generic/pgf/basiclayer/pgfcoreshade.cod
e.tex
File: pgfcoreshade.code.tex 2013/07/15  (rcs-revision 1.15)
\pgf@max=\dimen161
\pgf@sys@shading@range@num=\count127
)
(/usr/local/texlive/2014/texmf-dist/tex/generic/pgf/basiclayer/pgfcoreimage.cod
e.tex
File: pgfcoreimage.code.tex 2013/07/15  (rcs-revision 1.18)

(/usr/local/texlive/2014/texmf-dist/tex/generic/pgf/basiclayer/pgfcoreexternal.
code.tex
File: pgfcoreexternal.code.tex 2013/07/15  (rcs-revision 1.20)
\pgfexternal@startupbox=\box35
))
(/usr/local/texlive/2014/texmf-dist/tex/generic/pgf/basiclayer/pgfcorelayers.co
de.tex
File: pgfcorelayers.code.tex 2013/07/18  (rcs-revision 1.7)
)
(/usr/local/texlive/2014/texmf-dist/tex/generic/pgf/basiclayer/pgfcoretranspare
ncy.code.tex
File: pgfcoretransparency.code.tex 2013/09/30  (rcs-revision 1.5)
)
(/usr/local/texlive/2014/texmf-dist/tex/generic/pgf/basiclayer/pgfcorepatterns.
code.tex
File: pgfcorepatterns.code.tex 2013/11/07  (rcs-revision 1.5)
)))
(/usr/local/texlive/2014/texmf-dist/tex/generic/pgf/modules/pgfmoduleshapes.cod
e.tex
File: pgfmoduleshapes.code.tex 2013/10/31  (rcs-revision 1.34)
\pgfnodeparttextbox=\box36
)
(/usr/local/texlive/2014/texmf-dist/tex/generic/pgf/modules/pgfmoduleplot.code.
tex
File: pgfmoduleplot.code.tex 2013/07/31  (rcs-revision 1.12)
)
(/usr/local/texlive/2014/texmf-dist/tex/latex/pgf/compatibility/pgfcomp-version
-0-65.sty
Package: pgfcomp-version-0-65 2007/07/03 v3.0.0 (rcs-revision 1.7)
\pgf@nodesepstart=\dimen162
\pgf@nodesepend=\dimen163
)
(/usr/local/texlive/2014/texmf-dist/tex/latex/pgf/compatibility/pgfcomp-version
-1-18.sty
Package: pgfcomp-version-1-18 2007/07/23 v3.0.0 (rcs-revision 1.1)
))
(/usr/local/texlive/2014/texmf-dist/tex/latex/pgf/utilities/pgffor.sty
(/usr/local/texlive/2014/texmf-dist/tex/latex/pgf/utilities/pgfkeys.sty
(/usr/local/texlive/2014/texmf-dist/tex/generic/pgf/utilities/pgfkeys.code.tex)
) (/usr/local/texlive/2014/texmf-dist/tex/latex/pgf/math/pgfmath.sty
(/usr/local/texlive/2014/texmf-dist/tex/generic/pgf/math/pgfmath.code.tex))
(/usr/local/texlive/2014/texmf-dist/tex/generic/pgf/utilities/pgffor.code.tex
Package: pgffor 2013/12/13 v3.0.0 (rcs-revision 1.25)

(/usr/local/texlive/2014/texmf-dist/tex/generic/pgf/math/pgfmath.code.tex)
\pgffor@iter=\dimen164
\pgffor@skip=\dimen165
\pgffor@stack=\toks32
\pgffor@toks=\toks33
))
(/usr/local/texlive/2014/texmf-dist/tex/generic/pgf/frontendlayer/tikz/tikz.cod
e.tex
Package: tikz 2013/12/13 v3.0.0 (rcs-revision 1.142)

(/usr/local/texlive/2014/texmf-dist/tex/generic/pgf/libraries/pgflibraryplothan
dlers.code.tex
File: pgflibraryplothandlers.code.tex 2013/08/31 v3.0.0 (rcs-revision 1.20)
\pgf@plot@mark@count=\count128
\pgfplotmarksize=\dimen166
)
\tikz@lastx=\dimen167
\tikz@lasty=\dimen168
\tikz@lastxsaved=\dimen169
\tikz@lastysaved=\dimen170
\tikzleveldistance=\dimen171
\tikzsiblingdistance=\dimen172
\tikz@figbox=\box37
\tikz@figbox@bg=\box38
\tikz@tempbox=\box39
\tikz@tempbox@bg=\box40
\tikztreelevel=\count129
\tikznumberofchildren=\count130
\tikznumberofcurrentchild=\count131
\tikz@fig@count=\count132

(/usr/local/texlive/2014/texmf-dist/tex/generic/pgf/modules/pgfmodulematrix.cod
e.tex
File: pgfmodulematrix.code.tex 2013/09/17  (rcs-revision 1.8)
\pgfmatrixcurrentrow=\count133
\pgfmatrixcurrentcolumn=\count134
\pgf@matrix@numberofcolumns=\count135
)
\tikz@expandcount=\count136

(/usr/local/texlive/2014/texmf-dist/tex/generic/pgf/frontendlayer/tikz/librarie
s/tikzlibrarytopaths.code.tex
File: tikzlibrarytopaths.code.tex 2008/06/17 v3.0.0 (rcs-revision 1.2)
)))
(/usr/local/texlive/2014/texmf-dist/tex/generic/pgfplots/pgfplots.code.tex
(/usr/local/texlive/2014/texmf-dist/tex/generic/pgfplots/pgfplotscore.code.tex
\t@pgfplots@toka=\toks34
\t@pgfplots@tokb=\toks35
\t@pgfplots@tokc=\toks36
\pgfplots@tmpa=\dimen173
\c@pgfplots@coordindex=\count137
\c@pgfplots@scanlineindex=\count138

(/usr/local/texlive/2014/texmf-dist/tex/generic/pgfplots/sys/pgfplotssysgeneric
.code.tex))
(/usr/local/texlive/2014/texmf-dist/tex/generic/pgfplots/libs/pgfplotslibrary.c
ode.tex)
(/usr/local/texlive/2014/texmf-dist/tex/generic/pgfplots/oldpgfcompatib/pgfplot
soldpgfsupp_loader.code.tex
(/usr/local/texlive/2014/texmf-dist/tex/generic/pgf/libraries/pgflibraryfpu.cod
e.tex))
(/usr/local/texlive/2014/texmf-dist/tex/generic/pgfplots/util/pgfplotsutil.code
.tex
(/usr/local/texlive/2014/texmf-dist/tex/generic/pgfplots/liststructure/pgfplots
liststructure.code.tex)
(/usr/local/texlive/2014/texmf-dist/tex/generic/pgfplots/liststructure/pgfplots
liststructureext.code.tex)
(/usr/local/texlive/2014/texmf-dist/tex/generic/pgfplots/liststructure/pgfplots
array.code.tex
\c@pgfplotsarray@tmp=\count139
)
(/usr/local/texlive/2014/texmf-dist/tex/generic/pgfplots/liststructure/pgfplots
matrix.code.tex)
(/usr/local/texlive/2014/texmf-dist/tex/generic/pgfplots/numtable/pgfplotstable
shared.code.tex
\c@pgfplotstable@counta=\count140
\t@pgfplotstable@a=\toks37
)
(/usr/local/texlive/2014/texmf-dist/tex/generic/pgfplots/liststructure/pgfplots
deque.code.tex)
(/usr/local/texlive/2014/texmf-dist/tex/generic/pgfplots/util/pgfplotsbinary.co
de.tex
(/usr/local/texlive/2014/texmf-dist/tex/generic/pgfplots/util/pgfplotsbinary.da
ta.code.tex))
(/usr/local/texlive/2014/texmf-dist/tex/generic/pgfplots/util/pgfplotsutil.verb
.code.tex)
(/usr/local/texlive/2014/texmf-dist/tex/generic/pgfplots/libs/pgflibrarypgfplot
s.surfshading.code.tex
\c@pgfplotslibrarysurf@no=\count141

(/usr/local/texlive/2014/texmf-dist/tex/generic/pgfplots/sys/pgflibrarypgfplots
.surfshading.pgfsys-xetex.def
(/usr/local/texlive/2014/texmf-dist/tex/generic/pgfplots/sys/pgflibrarypgfplots
.surfshading.pgfsys-dvipdfmx.def
\c@pgfplotslibrarysurf@streamlen=\count142
))))
(/usr/local/texlive/2014/texmf-dist/tex/generic/pgfplots/util/pgfplotscolormap.
code.tex
(/usr/local/texlive/2014/texmf-dist/tex/generic/pgfplots/util/pgfplotscolor.cod
e.tex))
(/usr/local/texlive/2014/texmf-dist/tex/generic/pgfplots/pgfplotsstackedplots.c
ode.tex)
(/usr/local/texlive/2014/texmf-dist/tex/generic/pgfplots/pgfplotsplothandlers.c
ode.tex
(/usr/local/texlive/2014/texmf-dist/tex/generic/pgfplots/pgfplotsmeshplothandle
r.code.tex))
(/usr/local/texlive/2014/texmf-dist/tex/generic/pgfplots/pgfplots.scaling.code.
tex)
(/usr/local/texlive/2014/texmf-dist/tex/generic/pgfplots/pgfplotscoordprocessin
g.code.tex)
(/usr/local/texlive/2014/texmf-dist/tex/generic/pgfplots/pgfplots.errorbars.cod
e.tex)
(/usr/local/texlive/2014/texmf-dist/tex/generic/pgfplots/pgfplots.markers.code.
tex)
(/usr/local/texlive/2014/texmf-dist/tex/generic/pgfplots/pgfplotsticks.code.tex
)
(/usr/local/texlive/2014/texmf-dist/tex/generic/pgfplots/pgfplots.paths.code.te
x)
(/usr/local/texlive/2014/texmf-dist/tex/generic/pgf/frontendlayer/tikz/librarie
s/tikzlibrarydecorations.code.tex
(/usr/local/texlive/2014/texmf-dist/tex/generic/pgf/modules/pgfmoduledecoration
s.code.tex
\pgfdecoratedcompleteddistance=\dimen174
\pgfdecoratedremainingdistance=\dimen175
\pgfdecoratedinputsegmentcompleteddistance=\dimen176
\pgfdecoratedinputsegmentremainingdistance=\dimen177
\pgf@decorate@distancetomove=\dimen178
\pgf@decorate@repeatstate=\count143
\pgfdecorationsegmentamplitude=\dimen179
\pgfdecorationsegmentlength=\dimen180
)
\tikz@lib@dec@box=\box41
)
(/usr/local/texlive/2014/texmf-dist/tex/generic/pgf/frontendlayer/tikz/librarie
s/tikzlibrarydecorations.pathmorphing.code.tex
(/usr/local/texlive/2014/texmf-dist/tex/generic/pgf/libraries/decorations/pgfli
brarydecorations.pathmorphing.code.tex))
(/usr/local/texlive/2014/texmf-dist/tex/generic/pgf/frontendlayer/tikz/librarie
s/tikzlibrarydecorations.pathreplacing.code.tex
(/usr/local/texlive/2014/texmf-dist/tex/generic/pgf/libraries/decorations/pgfli
brarydecorations.pathreplacing.code.tex))
\pgfplots@numplots=\count144
\pgfplots@xmin@reg=\dimen181
\pgfplots@xmax@reg=\dimen182
\pgfplots@ymin@reg=\dimen183
\pgfplots@ymax@reg=\dimen184
\pgfplots@zmin@reg=\dimen185
\pgfplots@zmax@reg=\dimen186
)
(/usr/local/texlive/2014/texmf-dist/tex/generic/pgf/frontendlayer/tikz/librarie
s/tikzlibraryplotmarks.code.tex
File: tikzlibraryplotmarks.code.tex 2008/01/09 v3.0.0 (rcs-revision 1.1)

(/usr/local/texlive/2014/texmf-dist/tex/generic/pgf/libraries/pgflibraryplotmar
ks.code.tex
File: pgflibraryplotmarks.code.tex 2013/07/20 v3.0.0 (rcs-revision 1.13)
))) (/usr/local/texlive/2014/texmf-dist/tex/latex/base/fontenc.sty
Package: fontenc 2005/09/27 v1.99g Standard LaTeX package

(/usr/local/texlive/2014/texmf-dist/tex/latex/base/t1enc.def
File: t1enc.def 2005/09/27 v1.99g Standard LaTeX file
LaTeX Font Info:    Redeclaring font encoding T1 on input line 43.
))
(/usr/local/texlive/2014/texmf-dist/tex/latex/newpx/newpxmath.sty
Package: newpxmath 2014/04/04 v1.122

`newpxmath' v1.122, 2014/04/04 Math macros based on pxfonts (msharpe)
(/usr/local/texlive/2014/texmf-dist/tex/generic/kastrup/binhex.tex)
(/usr/local/texlive/2014/texmf-dist/tex/latex/xkeyval/xkeyval.sty
Package: xkeyval 2014/05/09 v2.6d package option processing (HA)

(/usr/local/texlive/2014/texmf-dist/tex/generic/xkeyval/xkeyval.tex
\XKV@toks=\toks38
\XKV@tempa@toks=\toks39
\XKV@depth=\count145
File: xkeyval.tex 2014/05/09 v2.6d key=value parser (HA)
))
\px@Isdigit=\count146
LaTeX Font Info:    Redeclaring symbol font `operators' on input line 57.
LaTeX Font Info:    Encoding `OT1' has changed to `T1' for symbol font
(Font)              `operators' in the math version `normal' on input line 57.
LaTeX Font Info:    Overwriting symbol font `operators' in version `normal'
(Font)                  OT1/cmr/m/n --> T1/cmr/m/n on input line 57.
LaTeX Font Info:    Encoding `OT1' has changed to `T1' for symbol font
(Font)              `operators' in the math version `bold' on input line 57.
LaTeX Font Info:    Overwriting symbol font `operators' in version `bold'
(Font)                  OT1/cmr/bx/n --> T1/cmr/m/n on input line 57.
LaTeX Font Info:    Overwriting symbol font `operators' in version `bold'
(Font)                  T1/cmr/m/n --> T1/cmr/b/n on input line 58.
LaTeX Font Info:    Redeclaring math alphabet \mathsf on input line 61.
LaTeX Font Info:    Overwriting math alphabet `\mathsf' in version `normal'
(Font)                  OT1/cmss/m/n --> T1/cmss/m/n on input line 61.
LaTeX Font Info:    Overwriting math alphabet `\mathsf' in version `bold'
(Font)                  OT1/cmss/bx/n --> T1/cmss/m/n on input line 61.
LaTeX Font Info:    Redeclaring math alphabet \mathit on input line 62.
LaTeX Font Info:    Overwriting math alphabet `\mathit' in version `normal'
(Font)                  OT1/cmr/m/it --> T1/cmr/m/it on input line 62.
LaTeX Font Info:    Overwriting math alphabet `\mathit' in version `bold'
(Font)                  OT1/cmr/bx/it --> T1/cmr/m/it on input line 62.
LaTeX Font Info:    Redeclaring math alphabet \mathtt on input line 63.
LaTeX Font Info:    Overwriting math alphabet `\mathtt' in version `normal'
(Font)                  OT1/cmtt/m/n --> T1/cmtt/m/n on input line 63.
LaTeX Font Info:    Overwriting math alphabet `\mathtt' in version `bold'
(Font)                  OT1/cmtt/m/n --> T1/cmtt/m/n on input line 63.
LaTeX Font Info:    Redeclaring math alphabet \mathbf on input line 65.
LaTeX Font Info:    Overwriting math alphabet `\mathbf' in version `normal'
(Font)                  OT1/cmr/bx/n --> T1/cmr/b/n on input line 65.
LaTeX Font Info:    Overwriting math alphabet `\mathbf' in version `bold'
(Font)                  OT1/cmr/bx/n --> T1/cmr/b/n on input line 65.
LaTeX Font Info:    Overwriting math alphabet `\mathit' in version `bold'
(Font)                  T1/cmr/m/it --> T1/cmr/b/it on input line 66.
LaTeX Font Info:    Overwriting math alphabet `\mathsf' in version `bold'
(Font)                  T1/cmss/m/n --> T1/cmss/b/n on input line 68.
LaTeX Font Info:    Overwriting math alphabet `\mathtt' in version `bold'
(Font)                  T1/cmtt/m/n --> T1/cmtt/b/n on input line 69.
LaTeX Font Info:    Redeclaring symbol font `letters' on input line 75.
LaTeX Font Info:    Overwriting symbol font `letters' in version `normal'
(Font)                  OML/cmm/m/it --> OML/npxmi/m/it on input line 75.
LaTeX Font Info:    Overwriting symbol font `letters' in version `bold'
(Font)                  OML/cmm/b/it --> OML/npxmi/m/it on input line 75.
LaTeX Font Info:    Overwriting symbol font `letters' in version `bold'
(Font)                  OML/npxmi/m/it --> OML/npxmi/b/it on input line 76.
\symlettersA=\mathgroup6
LaTeX Font Info:    Overwriting symbol font `lettersA' in version `bold'
(Font)                  U/npxmia/m/it --> U/npxmia/b/it on input line 83.
LaTeX Font Info:    Redeclaring math alphabet \mathfrak on input line 85.
LaTeX Font Info:    Redeclaring symbol font `symbols' on input line 92.
LaTeX Font Info:    Overwriting symbol font `symbols' in version `normal'
(Font)                  OMS/cmsy/m/n --> OMS/npxsy/m/n on input line 92.
LaTeX Font Info:    Overwriting symbol font `symbols' in version `bold'
(Font)                  OMS/cmsy/b/n --> OMS/npxsy/m/n on input line 92.
LaTeX Font Info:    Overwriting symbol font `symbols' in version `bold'
(Font)                  OMS/npxsy/m/n --> OMS/npxsy/b/n on input line 93.
LaTeX Font Info:    Redeclaring symbol font `AMSa' on input line 108.
LaTeX Font Info:    Overwriting symbol font `AMSa' in version `normal'
(Font)                  U/msa/m/n --> U/npxsya/m/n on input line 108.
LaTeX Font Info:    Overwriting symbol font `AMSa' in version `bold'
(Font)                  U/msa/m/n --> U/npxsya/m/n on input line 108.
LaTeX Font Info:    Overwriting symbol font `AMSa' in version `bold'
(Font)                  U/npxsya/m/n --> U/npxsya/b/n on input line 109.
LaTeX Font Info:    Redeclaring symbol font `AMSb' on input line 117.
LaTeX Font Info:    Overwriting symbol font `AMSb' in version `normal'
(Font)                  U/msb/m/n --> U/npxsyb/m/n on input line 117.
LaTeX Font Info:    Overwriting symbol font `AMSb' in version `bold'
(Font)                  U/msb/m/n --> U/npxsyb/m/n on input line 117.
LaTeX Font Info:    Overwriting symbol font `AMSb' in version `bold'
(Font)                  U/npxsyb/m/n --> U/npxsyb/b/n on input line 118.
\symsymbolsC=\mathgroup7
LaTeX Font Info:    Overwriting symbol font `symbolsC' in version `bold'
(Font)                  U/npxsyc/m/n --> U/npxsyc/b/n on input line 129.
LaTeX Font Info:    Redeclaring symbol font `largesymbols' on input line 149.
LaTeX Font Info:    Encoding `OMX' has changed to `LMX' for symbol font
(Font)              `largesymbols' in the math version `normal' on input line 1
49.
LaTeX Font Info:    Overwriting symbol font `largesymbols' in version `normal'
(Font)                  OMX/cmex/m/n --> LMX/npxexx/m/n on input line 149.
LaTeX Font Info:    Encoding `OMX' has changed to `LMX' for symbol font
(Font)              `largesymbols' in the math version `bold' on input line 149
.
LaTeX Font Info:    Overwriting symbol font `largesymbols' in version `bold'
(Font)                  OMX/cmex/m/n --> LMX/npxexx/m/n on input line 149.
LaTeX Font Info:    Overwriting symbol font `largesymbols' in version `bold'
(Font)                  LMX/npxexx/m/n --> LMX/npxexx/b/n on input line 150.
\symlargesymbolsPXA=\mathgroup8
LaTeX Font Info:    Overwriting symbol font `largesymbolsPXA' in version `bold'

(Font)                  U/npxexa/m/n --> U/npxexa/b/n on input line 165.
LaTeX Info: Redefining \not on input line 1358.
)
(/usr/local/texlive/2014/texmf-dist/tex/xelatex/mathspec/mathspec.sty
Package: mathspec 2009/09/30 v0.2 LaTeX Package (Mathematics font selection for
 XeLaTeX)

(/usr/local/texlive/2014/texmf-dist/tex/latex/etoolbox/etoolbox.sty
Package: etoolbox 2011/01/03 v2.1 e-TeX tools for LaTeX

(/usr/local/texlive/2014/texmf-dist/tex/latex/etex-pkg/etex.sty
Package: etex 1998/03/26 v2.0 eTeX basic definition package (PEB)
\et@xins=\count147
)
\etb@tempcnta=\count148
)
(/usr/local/texlive/2014/texmf-dist/tex/latex/fontspec/fontspec.sty
Package: fontspec 2013/05/20 v2.3c Font selection for XeLaTeX and LuaLaTeX

(/usr/local/texlive/2014/texmf-dist/tex/latex/l3kernel/expl3.sty
Package: expl3 2014/05/20 v4814 L3 programming layer (loader) 

(/usr/local/texlive/2014/texmf-dist/tex/latex/l3kernel/expl3-code.tex
Package: expl3 2014/05/20 v4814 L3 programming layer (code) 
L3 Module: l3bootstrap 2014/05/16 v4782 L3 Bootstrap code
L3 Module: l3names 2014/05/04 v4728 L3 Namespace for primitives
L3 Module: l3basics 2014/05/04 v4728 L3 Basic definitions
L3 Module: l3expan 2014/04/30 v4712 L3 Argument expansion
L3 Module: l3tl 2014/05/04 v4728 L3 Token lists
L3 Module: l3seq 2014/04/30 v4712 L3 Sequences and stacks
L3 Module: l3int 2014/05/16 v4776 L3 Integers
\c_max_int=\count149
\l_tmpa_int=\count150
\l_tmpb_int=\count151
\g_tmpa_int=\count152
\g_tmpb_int=\count153
L3 Module: l3quark 2014/05/04 v4728 L3 Quarks
L3 Module: l3prg 2014/05/04 v4728 L3 Control structures
\g__prg_map_int=\count154
L3 Module: l3clist 2014/05/04 v4728 L3 Comma separated lists
L3 Module: l3token 2014/05/04 v4728 L3 Experimental token manipulation
L3 Module: l3prop 2014/04/30 v4712 L3 Property lists
L3 Module: l3msg 2014/05/04 v4728 L3 Messages
L3 Module: l3file 2014/05/05 v4737 L3 File and I/O operations
\l_iow_line_count_int=\count155
\l__iow_target_count_int=\count156
\l__iow_current_line_int=\count157
\l__iow_current_word_int=\count158
\l__iow_current_indentation_int=\count159
L3 Module: l3skip 2014/05/05 v4738 L3 Dimensions and skips
\c_zero_dim=\dimen187
\c_max_dim=\dimen188
\l_tmpa_dim=\dimen189
\l_tmpb_dim=\dimen190
\g_tmpa_dim=\dimen191
\g_tmpb_dim=\dimen192
\c_zero_skip=\skip48
\c_max_skip=\skip49
\l_tmpa_skip=\skip50
\l_tmpb_skip=\skip51
\g_tmpa_skip=\skip52
\g_tmpb_skip=\skip53
\c_zero_muskip=\muskip12
\c_max_muskip=\muskip13
\l_tmpa_muskip=\muskip14
\l_tmpb_muskip=\muskip15
\g_tmpa_muskip=\muskip16
\g_tmpb_muskip=\muskip17
L3 Module: l3keys 2014/05/08 v4753 L3 Key-value interfaces
\g__keyval_level_int=\count160
\l_keys_choice_int=\count161
L3 Module: l3fp 2014/04/30 v4712 L3 Floating points
\c__fp_leading_shift_int=\count162
\c__fp_middle_shift_int=\count163
\c__fp_trailing_shift_int=\count164
\c__fp_big_leading_shift_int=\count165
\c__fp_big_middle_shift_int=\count166
\c__fp_big_trailing_shift_int=\count167
\c__fp_Bigg_leading_shift_int=\count168
\c__fp_Bigg_middle_shift_int=\count169
\c__fp_Bigg_trailing_shift_int=\count170
L3 Module: l3box 2014/05/04 v4728 L3 Experimental boxes
\c_empty_box=\box42
\l_tmpa_box=\box43
\l_tmpb_box=\box44
\g_tmpa_box=\box45
\g_tmpb_box=\box46
L3 Module: l3coffins 2014/05/04 v4728 L3 Coffin code layer
\l__coffin_internal_box=\box47
\l__coffin_internal_dim=\dimen193
\l__coffin_offset_x_dim=\dimen194
\l__coffin_offset_y_dim=\dimen195
\l__coffin_x_dim=\dimen196
\l__coffin_y_dim=\dimen197
\l__coffin_x_prime_dim=\dimen198
\l__coffin_y_prime_dim=\dimen199
\c_empty_coffin=\box48
\l__coffin_aligned_coffin=\box49
\l__coffin_aligned_internal_coffin=\box50
\l_tmpa_coffin=\box51
\l_tmpb_coffin=\box52
\l__coffin_display_coffin=\box53
\l__coffin_display_coord_coffin=\box54
\l__coffin_display_pole_coffin=\box55
\l__coffin_display_offset_dim=\dimen200
\l__coffin_display_x_dim=\dimen201
Normal \dimen register pool exhausted, switching to extended pool.
\l__coffin_display_y_dim=\dimen256
L3 Module: l3color 2014/04/30 v4712 L3 Experimental color support
L3 Module: l3luatex 2014/04/30 v4712 L3 Experimental LuaTeX-specific functions
\g__cctab_allocate_int=\count171
\g__cctab_stack_int=\count172
L3 Module: l3candidates 2014/05/04 v4734 L3 Experimental additions to l3kernel
\l__box_top_dim=\dimen257
\l__box_bottom_dim=\dimen258
\l__box_left_dim=\dimen259
\l__box_right_dim=\dimen260
\l__box_top_new_dim=\dimen261
\l__box_bottom_new_dim=\dimen262
\l__box_left_new_dim=\dimen263
\l__box_right_new_dim=\dimen264
\l__box_internal_box=\box56
\l__coffin_bounding_shift_dim=\dimen265
\l__coffin_left_corner_dim=\dimen266
\l__coffin_right_corner_dim=\dimen267
\l__coffin_bottom_corner_dim=\dimen268
\l__coffin_top_corner_dim=\dimen269
\l__coffin_scaled_total_height_dim=\dimen270
\l__coffin_scaled_width_dim=\dimen271
))
(/usr/local/texlive/2014/texmf-dist/tex/latex/l3packages/xparse/xparse.sty
Package: xparse 2014/05/05 v4740 L3 Experimental document command parser
\l__xparse_current_arg_int=\count173
\l__xparse_m_args_int=\count174
\l__xparse_mandatory_args_int=\count175
\l__xparse_processor_int=\count176
\l__xparse_v_nesting_int=\count177
)
\l_fontspec_script_int=\count178
\l_fontspec_language_int=\count179
\l_fontspec_strnum_int=\count180
\l_fontspec_tmpa_dim=\dimen272
\l_fontspec_tmpb_dim=\dimen273
\l_fontspec_tmpc_dim=\dimen274
Variant \tl_gset:cV already defined; not changing it on line 69

(/usr/local/texlive/2014/texmf-dist/tex/latex/fontspec/fontspec-patches.sty
Package: fontspec-patches 2013/05/20 v2.3c Font selection for XeLaTeX and LuaLa
TeX

(/usr/local/texlive/2014/texmf-dist/tex/latex/base/fixltx2e.sty
Package: fixltx2e 2014/05/13 v1.1q fixes to LaTeX
LaTeX Info: Redefining \em on input line 429.
LaTeX Info: The control sequence `\[' is already robust on input line 480.
LaTeX Info: The control sequence `\]' is already robust on input line 481.
)
LaTeX Info: Redefining \em on input line 22.
LaTeX Info: Redefining \emph on input line 30.
LaTeX Info: Redefining \- on input line 33.

*************************************************
* LaTeX warning: "xparse/redefine-command"
* 
* Redefining document command \oldstylenums with arg. spec. 'm' on line 128.
*************************************************
.................................................
. LaTeX info: "xparse/define-command"
. 
. Defining document command \liningnums with arg. spec. 'm' on line 132.
.................................................
) (/usr/local/texlive/2014/texmf-dist/tex/latex/fontspec/fontspec-xetex.sty
Package: fontspec-xetex 2013/05/20 v2.3c Font selection for XeLaTeX and LuaLaTe
X

(/usr/local/texlive/2014/texmf-dist/tex/latex/base/fontenc.sty
Package: fontenc 2005/09/27 v1.99g Standard LaTeX package

(/usr/local/texlive/2014/texmf-dist/tex/latex/euenc/eu1enc.def
File: eu1enc.def 2010/05/27 v0.1h Experimental Unicode font encodings
)
LaTeX Font Info:    Try loading font information for EU1+lmr on input line 100.


(/usr/local/texlive/2014/texmf-dist/tex/latex/euenc/eu1lmr.fd
File: eu1lmr.fd 2009/10/30 v1.6 Font defs for Latin Modern
))
(/usr/local/texlive/2014/texmf-dist/tex/xelatex/xunicode/xunicode.sty
File: xunicode.sty 2011/09/09 v0.981 provides access to latin accents and many 
other characters in Unicode lower plane

(/usr/local/texlive/2014/texmf-dist/tex/latex/tipa/t3enc.def
File: t3enc.def 2001/12/31 T3 encoding
LaTeX Font Info:    Try loading font information for EU1+lmss on input line 357
.

(/usr/local/texlive/2014/texmf-dist/tex/latex/euenc/eu1lmss.fd
File: eu1lmss.fd 2009/10/30 v1.6 Font defs for Latin Modern
))
\tipaTiiicode=\count181
\tipasavetokens=\toks40
\tipachecktokens=\toks41
)
.................................................
. LaTeX info: "xparse/define-command"
. 
. Defining document command \fontspec with arg. spec. 'O{}m' on line 41.
.................................................
.................................................
. LaTeX info: "xparse/define-command"
. 
. Defining document command \setmainfont with arg. spec. 'O{}m' on line 46.
.................................................
.................................................
. LaTeX info: "xparse/define-command"
. 
. Defining document command \setsansfont with arg. spec. 'O{}m' on line 51.
.................................................
.................................................
. LaTeX info: "xparse/define-command"
. 
. Defining document command \setmonofont with arg. spec. 'O{}m' on line 56.
.................................................
.................................................
. LaTeX info: "xparse/define-command"
. 
. Defining document command \setmathrm with arg. spec. 'O{}m' on line 65.
.................................................
.................................................
. LaTeX info: "xparse/define-command"
. 
. Defining document command \setboldmathrm with arg. spec. 'O{}m' on line 69.
.................................................
.................................................
. LaTeX info: "xparse/define-command"
. 
. Defining document command \setmathsf with arg. spec. 'O{}m' on line 73.
.................................................
.................................................
. LaTeX info: "xparse/define-command"
. 
. Defining document command \setmathtt with arg. spec. 'O{}m' on line 77.
.................................................
.................................................
. LaTeX info: "xparse/define-command"
. 
. Defining document command \newfontfamily with arg. spec. 'mO{}m' on line 96.
.................................................
.................................................
. LaTeX info: "xparse/define-command"
. 
. Defining document command \newfontface with arg. spec. 'mO{}m' on line 100.
.................................................
.................................................
. LaTeX info: "xparse/define-command"
. 
. Defining document command \defaultfontfeatures with arg. spec. 'om' on line
. 108.
.................................................
.................................................
. LaTeX info: "xparse/define-command"
. 
. Defining document command \addfontfeatures with arg. spec. 'm' on line 144.
.................................................
.................................................
. LaTeX info: "xparse/define-command"
. 
. Defining document command \newfontfeature with arg. spec. 'mm' on line 156.
.................................................
.................................................
. LaTeX info: "xparse/define-command"
. 
. Defining document command \newAATfeature with arg. spec. 'mmmm' on line 164.
.................................................
.................................................
. LaTeX info: "xparse/define-command"
. 
. Defining document command \newICUfeature with arg. spec. 'mmm' on line 172.
.................................................
.................................................
. LaTeX info: "xparse/define-command"
. 
. Defining document command \aliasfontfeature with arg. spec. 'mm' on line
. 201.
.................................................
.................................................
. LaTeX info: "xparse/define-command"
. 
. Defining document command \aliasfontfeatureoption with arg. spec. 'mmm' on
. line 203.
.................................................
.................................................
. LaTeX info: "xparse/define-command"
. 
. Defining document command \newfontscript with arg. spec. 'mm' on line 208.
.................................................
.................................................
. LaTeX info: "xparse/define-command"
. 
. Defining document command \newfontlanguage with arg. spec. 'mm' on line 235.
.................................................
.................................................
. LaTeX info: "xparse/define-command"
. 
. Defining document command \DeclareFontsExtensions with arg. spec. 'm' on
. line 256.
.................................................
Variant \prop_gput:cnV already defined; not changing it on line 582
Variant \prop_gput:cnx already defined; not changing it on line 583
\l_fontspec_tmp_int=\count182
LaTeX Info: Redefining \itshape on input line 2087.
LaTeX Info: Redefining \slshape on input line 2092.
LaTeX Info: Redefining \scshape on input line 2097.
LaTeX Info: Redefining \upshape on input line 2102.

(/usr/local/texlive/2014/texmf-dist/tex/latex/fontspec/fontspec.cfg)))
\c@eu@=\count183
\c@eu@i=\count184
\c@mkern=\count185
)
\g__file_internal_ior=\read2
\g_fontspec_family_Palatino Linotype_int=\count186
.................................................
. fontspec info: "defining-font"
. 
. Font family 'PalatinoLinotype(0)' created for font 'Palatino Linotype' with
. options [Ligatures={Common,TeX}].
. 
. This font family consists of the following shapes:
. 
. * 'normal' with NFSS spec.:
. <->"Palatino Linotype/ICU:script=latn;language=DFLT;+liga;mapping=tex-text;"
. 
. * 'small caps' with NFSS spec.:
. <->"Palatino
. Linotype/ICU:script=latn;language=DFLT;+liga;mapping=tex-text;+smcp;"
. 
. * 'bold' with NFSS spec.:
. <->"Palatino
. Linotype/B/ICU:script=latn;language=DFLT;+liga;mapping=tex-text;"
. 
. * 'bold small caps' with NFSS spec.:
. <->"Palatino
. Linotype/B/ICU:script=latn;language=DFLT;+liga;mapping=tex-text;+smcp;"
. 
. * 'italic' with NFSS spec.:
. <->"Palatino
. Linotype/I/ICU:script=latn;language=DFLT;+liga;mapping=tex-text;"
. 
. * 'italic small caps' with NFSS spec.:
. <->"Palatino
. Linotype/I/ICU:script=latn;language=DFLT;+liga;mapping=tex-text;+smcp;"
. 
. * 'bold italic' with NFSS spec.:
. <->"Palatino
. Linotype/BI/ICU:script=latn;language=DFLT;+liga;mapping=tex-text;"
. 
. * 'bold italic small caps' with NFSS spec.:
. <->"Palatino
. Linotype/BI/ICU:script=latn;language=DFLT;+liga;mapping=tex-text;+smcp;"
.................................................

(/usr/local/texlive/2014/texmf-dist/tex/latex/setspace/setspace.sty
Package: setspace 2011/12/19 v6.7a set line spacing
)
(/usr/local/texlive/2014/texmf-dist/tex/latex/wrapfig/wrapfig.sty
\wrapoverhang=\dimen275
\WF@size=\dimen276
\c@WF@wrappedlines=\count187
\WF@box=\box57
\WF@everypar=\toks42
Package: wrapfig 2003/01/31  v 3.6
)
(./report.aux

LaTeX Warning: Label `fig:3part_graph' multiply defined.


LaTeX Warning: Label `fig:7part_graph' multiply defined.

)
\openout1 = `report.aux'.

LaTeX Font Info:    Checking defaults for OML/npxmi/m/it on input line 36.
LaTeX Font Info:    Try loading font information for OML+npxmi on input line 36
.
 (/usr/local/texlive/2014/texmf-dist/tex/latex/newpx/omlnpxmi.fd
File: omlnpxmi.fd 2013/03/21 Fontinst v1.933 font definitions for OML/npxmi.
)
LaTeX Font Info:    ... okay on input line 36.
LaTeX Font Info:    Checking defaults for T1/cmr/m/n on input line 36.
LaTeX Font Info:    ... okay on input line 36.
LaTeX Font Info:    Checking defaults for OT1/cmr/m/n on input line 36.
LaTeX Font Info:    ... okay on input line 36.
LaTeX Font Info:    Checking defaults for OMS/npxsy/m/n on input line 36.
LaTeX Font Info:    Try loading font information for OMS+npxsy on input line 36
.

(/usr/local/texlive/2014/texmf-dist/tex/latex/newpx/omsnpxsy.fd
File: omsnpxsy.fd 2013/03/24 Fontinst v1.933 font definitions for OMS/npxsy.
)
LaTeX Font Info:    ... okay on input line 36.
LaTeX Font Info:    Checking defaults for OMX/cmex/m/n on input line 36.
LaTeX Font Info:    ... okay on input line 36.
LaTeX Font Info:    Checking defaults for U/npxexa/m/n on input line 36.
LaTeX Font Info:    Try loading font information for U+npxexa on input line 36.


(/usr/local/texlive/2014/texmf-dist/tex/latex/newpx/unpxexa.fd
File: unpxexa.fd 2013/03/24 Fontinst v1.933 font definitions for U/npxexa.
)
LaTeX Font Info:    ... okay on input line 36.
LaTeX Font Info:    Checking defaults for PD1/pdf/m/n on input line 36.
LaTeX Font Info:    ... okay on input line 36.
LaTeX Font Info:    Checking defaults for PU/pdf/m/n on input line 36.
LaTeX Font Info:    ... okay on input line 36.
LaTeX Font Info:    Checking defaults for LMX/npxexx/m/n on input line 36.
LaTeX Font Info:    ... okay on input line 36.
LaTeX Font Info:    Checking defaults for EU1/lmr/m/n on input line 36.
LaTeX Font Info:    ... okay on input line 36.
LaTeX Font Info:    Checking defaults for T3/cmr/m/n on input line 36.
LaTeX Font Info:    Try loading font information for T3+cmr on input line 36.

(/usr/local/texlive/2014/texmf-dist/tex/latex/tipa/t3cmr.fd
File: t3cmr.fd 2001/12/31 TIPA font definitions
)
LaTeX Font Info:    ... okay on input line 36.

*geometry* driver: auto-detecting
*geometry* detected driver: xetex
*geometry* verbose mode - [ preamble ] result:
* driver: xetex
* paper: a4paper
* layout: <same size as paper>
* layoutoffset:(h,v)=(0.0pt,0.0pt)
* modes: 
* h-part:(L,W,R)=(89.62709pt, 418.25368pt, 89.6271pt)
* v-part:(T,H,B)=(101.40665pt, 591.5302pt, 152.11pt)
* \paperwidth=597.50787pt
* \paperheight=845.04684pt
* \textwidth=418.25368pt
* \textheight=591.5302pt
* \oddsidemargin=17.3571pt
* \evensidemargin=17.3571pt
* \topmargin=-7.86334pt
* \headheight=12.0pt
* \headsep=25.0pt
* \topskip=11.0pt
* \footskip=30.0pt
* \marginparwidth=59.0pt
* \marginparsep=10.0pt
* \columnsep=10.0pt
* \skip\footins=10.0pt plus 4.0pt minus 2.0pt
* \hoffset=0.0pt
* \voffset=0.0pt
* \mag=1000
* \@twocolumnfalse
* \@twosidefalse
* \@mparswitchfalse
* \@reversemarginfalse
* (1in=72.27pt=25.4mm, 1cm=28.453pt)

\AtBeginShipoutBox=\box58
Package hyperref Info: Link coloring OFF on input line 36.
(/usr/local/texlive/2014/texmf-dist/tex/latex/hyperref/nameref.sty
Package: nameref 2012/10/27 v2.43 Cross-referencing by name of section

(/usr/local/texlive/2014/texmf-dist/tex/generic/oberdiek/gettitlestring.sty
Package: gettitlestring 2010/12/03 v1.4 Cleanup title references (HO)
)
\c@section@level=\count188
)
LaTeX Info: Redefining \ref on input line 36.
LaTeX Info: Redefining \pageref on input line 36.
LaTeX Info: Redefining \nameref on input line 36.

(./report.out) (./report.out)
\@outlinefile=\write4
\openout4 = `report.out'.

 ABD: EveryShipout initializing macros

Package pgfplots Warning: running in backwards compatibility mode (unsuitable t
ick labels; missing features). Consider writing \pgfplotsset{compat=1.10} into 
your preamble.
 on input line 36.

LaTeX Font Info:    Try loading font information for U+npxsya on input line 38.

(/usr/local/texlive/2014/texmf-dist/tex/latex/newpx/unpxsya.fd
File: unpxsya.fd 2013/03/24 Fontinst v1.933 font definitions for U/npxsya.
)
LaTeX Font Info:    Try loading font information for U+npxsyb on input line 38.


(/usr/local/texlive/2014/texmf-dist/tex/latex/newpx/unpxsyb.fd
File: unpxsyb.fd 2013/03/24 Fontinst v1.933 font definitions for U/npxsyb.
)
LaTeX Font Info:    Try loading font information for U+npxmia on input line 38.


(/usr/local/texlive/2014/texmf-dist/tex/latex/newpx/unpxmia.fd
File: unpxmia.fd 2013/03/24 Fontinst v1.933 font definitions for U/npxmia.
)
LaTeX Font Info:    Try loading font information for U+npxsyc on input line 38.


(/usr/local/texlive/2014/texmf-dist/tex/latex/newpx/unpxsyc.fd
File: unpxsyc.fd 2013/03/24 Fontinst v1.933 font definitions for U/npxsyc.
)
(/usr/local/texlive/2014/texmf-dist/tex/generic/oberdiek/se-ascii-print.def
File: se-ascii-print.def 2011/12/02 v1.10 stringenc: Printable ASCII characters

)
[1

] [1] (./report.toc)
\tf@toc=\write5
\openout5 = `report.toc'.

 [1

]
Chapter 1.

Overfull \hbox (2.93716pt too wide) in paragraph at lines 50--51
\EU1/PalatinoLinotype(0)/m/n/10.95 hence be valuable, allowing scientists and a
mateurs to document bee sightings by species
 []

[2

]
Chapter 2.
File: santana.jpg Graphic file (type QTm)
<use  "santana.jpg" >
Underfull \hbox (badness 5817) in paragraph at lines 61--62
\EU1/PalatinoLinotype(0)/m/n/10.95 the training and testing photographs
 []

[3

] [4]
Chapter 3.
[5

] [6] [7] [8]
Chapter 4.
[9

] [10]
Chapter 5.
[11

]
Chapter 6.

Overfull \hbox (28.4357pt too wide) in paragraph at lines 307--308
[]\EU1/PalatinoLinotype(0)/m/n/10.95 [2] http://www.stat.ucla.edu/ xianjie.chen
/projects/pose_estimation/pose_estimation.html 
 []


Overfull \hbox (90.66568pt too wide) in paragraph at lines 309--310
[]\EU1/PalatinoLinotype(0)/m/n/10.95 [3] http://www.pcs.usp.br/ lti/joomla/inde
x.php?option=com_content&view=article&id=23&Itemid=14 
 []

[12

]
Appendix A.
File: b1.pdf Graphic file (type QTm)
<use  "b1.pdf" >
File: b2.pdf Graphic file (type QTm)
 <use  "b2.pdf" >
File: b3.pdf Graphic file (type QTm)
 <use  "b3.pdf" >
File: b4.pdf Graphic file (type QTm)
 <use  "b4.pdf" > [13

]
Appendix B.
File: features_tool.png Graphic file (type QTm)
<use  "features_tool.png" > [14

]
Appendix C.
File: visualisation_tool.png Graphic file (type QTm)
<use  "visualisation_tool.png" >

LaTeX Warning: `h' float specifier changed to `ht'.

[15

]
Package atveryend Info: Empty hook `BeforeClearDocument' on input line 365.
 [16]
Package atveryend Info: Empty hook `AfterLastShipout' on input line 365.
 (./report.aux)
Package atveryend Info: Empty hook `AtVeryEndDocument' on input line 365.
Package atveryend Info: Empty hook `AtEndAfterFileList' on input line 365.


LaTeX Warning: There were multiply-defined labels.

Package atveryend Info: Empty hook `AtVeryVeryEnd' on input line 365.
 ) 
Here is how much of TeX's memory you used:
 41546 strings out of 493734
 916748 string characters out of 6146348
 1065291 words of memory out of 5000000
 44325 multiletter control sequences out of 15000+600000
 25798 words of font info for 94 fonts, out of 8000000 for 9000
 1328 hyphenation exceptions out of 8191
 62i,19n,76p,10498b,2229s stack positions out of 5000i,500n,10000p,200000b,80000s

Output written on report.pdf (18 pages).
